Using pre-set license
Built from '2022.3/staging' branch; Version is '2022.3.26f1 (ec6cd8118806) revision 15494360'; Using compiler version '192829333'; Build Type 'Release'
OS: 'Windows 10  (10.0.19045) 64bit Enterprise' Language: 'en' Physical Memory: 32399 MB
BatchMode: 1, IsHumanControllingUs: 0, StartBugReporterOnCrash: 0, Is64bit: 1, IsPro: 1

COMMAND LINE ARGUMENTS:
C:\Program Files\Unity 2022.3.26f1\Editor\Unity.exe
-adb2
-batchMode
-noUpm
-name
AssetImportWorker2
-projectPath
C:/Users/s22131894/Downloads/milestones-ai-24-25-RandomUser3201
-logFile
Logs/AssetImportWorker2.log
-srvPort
61418
Successfully changed project path to: C:/Users/s22131894/Downloads/milestones-ai-24-25-RandomUser3201
C:/Users/s22131894/Downloads/milestones-ai-24-25-RandomUser3201
[UnityMemory] Configuration Parameters - Can be set up in boot.config
    "memorysetup-bucket-allocator-granularity=16"
    "memorysetup-bucket-allocator-bucket-count=8"
    "memorysetup-bucket-allocator-block-size=33554432"
    "memorysetup-bucket-allocator-block-count=8"
    "memorysetup-main-allocator-block-size=16777216"
    "memorysetup-thread-allocator-block-size=16777216"
    "memorysetup-gfx-main-allocator-block-size=16777216"
    "memorysetup-gfx-thread-allocator-block-size=16777216"
    "memorysetup-cache-allocator-block-size=4194304"
    "memorysetup-typetree-allocator-block-size=2097152"
    "memorysetup-profiler-bucket-allocator-granularity=16"
    "memorysetup-profiler-bucket-allocator-bucket-count=8"
    "memorysetup-profiler-bucket-allocator-block-size=33554432"
    "memorysetup-profiler-bucket-allocator-block-count=8"
    "memorysetup-profiler-allocator-block-size=16777216"
    "memorysetup-profiler-editor-allocator-block-size=1048576"
    "memorysetup-temp-allocator-size-main=16777216"
    "memorysetup-job-temp-allocator-block-size=2097152"
    "memorysetup-job-temp-allocator-block-size-background=1048576"
    "memorysetup-job-temp-allocator-reduction-small-platforms=262144"
    "memorysetup-allocator-temp-initial-block-size-main=262144"
    "memorysetup-allocator-temp-initial-block-size-worker=262144"
    "memorysetup-temp-allocator-size-background-worker=32768"
    "memorysetup-temp-allocator-size-job-worker=262144"
    "memorysetup-temp-allocator-size-preload-manager=33554432"
    "memorysetup-temp-allocator-size-nav-mesh-worker=65536"
    "memorysetup-temp-allocator-size-audio-worker=65536"
    "memorysetup-temp-allocator-size-cloud-worker=32768"
    "memorysetup-temp-allocator-size-gi-baking-worker=262144"
    "memorysetup-temp-allocator-size-gfx=262144"
Player connection [34040] Host "[IP] 10.120.6.229 [Port] 0 [Flags] 2 [Guid] 3078113623 [EditorId] 3078113623 [Version] 1048832 [Id] WindowsEditor(7,BCUD2-024613) [Debug] 1 [PackageName] WindowsEditor [ProjectName] Editor" joined multi-casting on [225.0.0.222:54997]...

Player connection [34040] Host "[IP] 10.120.6.229 [Port] 0 [Flags] 2 [Guid] 3078113623 [EditorId] 3078113623 [Version] 1048832 [Id] WindowsEditor(7,BCUD2-024613) [Debug] 1 [PackageName] WindowsEditor [ProjectName] Editor" joined alternative multi-casting on [225.0.0.222:34997]...

[Physics::Module] Initialized MultithreadedJobDispatcher with 27 workers.
Refreshing native plugins compatible for Editor in 26.58 ms, found 3 plugins.
Preloading 0 native plugins for Editor in 0.00 ms.
Initialize engine version: 2022.3.26f1 (ec6cd8118806)
[Subsystems] Discovering subsystems at path C:/Program Files/Unity 2022.3.26f1/Editor/Data/Resources/UnitySubsystems
[Subsystems] Discovering subsystems at path C:/Users/s22131894/Downloads/milestones-ai-24-25-RandomUser3201/Assets
GfxDevice: creating device client; threaded=0; jobified=0
Direct3D:
    Version:  Direct3D 11.0 [level 11.1]
    Renderer: NVIDIA GeForce RTX 4070 (ID=0x2786)
    Vendor:   NVIDIA
    VRAM:     12012 MB
    Driver:   32.0.15.6103
Initialize mono
Mono path[0] = 'C:/Program Files/Unity 2022.3.26f1/Editor/Data/Managed'
Mono path[1] = 'C:/Program Files/Unity 2022.3.26f1/Editor/Data/MonoBleedingEdge/lib/mono/unityjit-win32'
Mono config path = 'C:/Program Files/Unity 2022.3.26f1/Editor/Data/MonoBleedingEdge/etc'
Using monoOptions --debugger-agent=transport=dt_socket,embedding=1,server=y,suspend=n,address=127.0.0.1:56064
Begin MonoManager ReloadAssembly
Registering precompiled unity dll's ...
Register platform support module: C:/Program Files/Unity 2022.3.26f1/Editor/Data/PlaybackEngines/WebGLSupport/UnityEditor.WebGL.Extensions.dll
Register platform support module: C:/Program Files/Unity 2022.3.26f1/Editor/Data/PlaybackEngines/MacStandaloneSupport/UnityEditor.OSXStandalone.Extensions.dll
Register platform support module: C:/Program Files/Unity 2022.3.26f1/Editor/Data/PlaybackEngines/AndroidPlayer/UnityEditor.Android.Extensions.dll
Register platform support module: C:/Program Files/Unity 2022.3.26f1/Editor/Data/PlaybackEngines/iOSSupport/UnityEditor.iOS.Extensions.dll
Register platform support module: C:/Program Files/Unity 2022.3.26f1/Editor/Data/PlaybackEngines/AppleTVSupport/UnityEditor.AppleTV.Extensions.dll
Register platform support module: C:/Program Files/Unity 2022.3.26f1/Editor/Data/PlaybackEngines/WindowsStandaloneSupport/UnityEditor.WindowsStandalone.Extensions.dll
Register platform support module: C:/Program Files/Unity 2022.3.26f1/Editor/Data/PlaybackEngines/LinuxStandaloneSupport/UnityEditor.LinuxStandalone.Extensions.dll
Register platform support module: C:/Program Files/Unity 2022.3.26f1/Editor/Data/PlaybackEngines/MetroSupport/UnityEditor.UWP.Extensions.dll
Registered in 0.019083 seconds.
- Loaded All Assemblies, in  0.369 seconds
Native extension for UWP target not found
Native extension for LinuxStandalone target not found
Native extension for WindowsStandalone target not found
Native extension for AppleTV target not found
Native extension for iOS target not found
Native extension for Android target not found
Android Extension - Scanning For ADB Devices 553 ms
Native extension for OSXStandalone target not found
Native extension for WebGL target not found
Mono: successfully reloaded assembly
- Finished resetting the current domain, in  0.896 seconds
Domain Reload Profiling: 1263ms
	BeginReloadAssembly (116ms)
		ExecutionOrderSort (0ms)
		DisableScriptedObjects (0ms)
		BackupInstance (0ms)
		ReleaseScriptingObjects (0ms)
		CreateAndSetChildDomain (1ms)
	RebuildCommonClasses (30ms)
	RebuildNativeTypeToScriptingClass (10ms)
	initialDomainReloadingComplete (70ms)
	LoadAllAssembliesAndSetupDomain (140ms)
		LoadAssemblies (116ms)
		RebuildTransferFunctionScriptingTraits (0ms)
		AnalyzeDomain (135ms)
			TypeCache.Refresh (134ms)
				TypeCache.ScanAssembly (121ms)
			ScanForSourceGeneratedMonoScriptInfo (0ms)
			ResolveRequiredComponents (0ms)
	FinalizeReload (896ms)
		ReleaseScriptCaches (0ms)
		RebuildScriptCaches (0ms)
		SetupLoadedEditorAssemblies (844ms)
			LogAssemblyErrors (0ms)
			InitializePlatformSupportModulesInManaged (691ms)
			SetLoadedEditorAssemblies (4ms)
			RefreshPlugins (0ms)
			BeforeProcessingInitializeOnLoad (2ms)
			ProcessInitializeOnLoadAttributes (101ms)
			ProcessInitializeOnLoadMethodAttributes (46ms)
			AfterProcessingInitializeOnLoad (0ms)
			EditorAssembliesLoaded (0ms)
		ExecutionOrderSort2 (0ms)
		AwakeInstancesAfterBackupRestoration (0ms)
========================================================================
Worker process is ready to serve import requests
Begin MonoManager ReloadAssembly
- Loaded All Assemblies, in  0.937 seconds
Refreshing native plugins compatible for Editor in 15.67 ms, found 3 plugins.
Native extension for UWP target not found
Native extension for LinuxStandalone target not found
Native extension for WindowsStandalone target not found
Native extension for AppleTV target not found
Native extension for iOS target not found
Native extension for Android target not found
Native extension for OSXStandalone target not found
Native extension for WebGL target not found
Package Manager log level set to [2]
[Package Manager] Server::EnsureServerProcessIsRunning -- launch failed, reason: Unity was launched with the -noUpm command-line argument
[Package Manager] UpmClient::Send -- Unable to send message (not connected to UPM process).
[Package Manager] Cannot connect to Unity Package Manager local server
Mono: successfully reloaded assembly
- Finished resetting the current domain, in  0.763 seconds
Domain Reload Profiling: 1693ms
	BeginReloadAssembly (150ms)
		ExecutionOrderSort (0ms)
		DisableScriptedObjects (5ms)
		BackupInstance (0ms)
		ReleaseScriptingObjects (0ms)
		CreateAndSetChildDomain (23ms)
	RebuildCommonClasses (29ms)
	RebuildNativeTypeToScriptingClass (10ms)
	initialDomainReloadingComplete (46ms)
	LoadAllAssembliesAndSetupDomain (693ms)
		LoadAssemblies (568ms)
		RebuildTransferFunctionScriptingTraits (0ms)
		AnalyzeDomain (217ms)
			TypeCache.Refresh (188ms)
				TypeCache.ScanAssembly (166ms)
			ScanForSourceGeneratedMonoScriptInfo (23ms)
			ResolveRequiredComponents (5ms)
	FinalizeReload (763ms)
		ReleaseScriptCaches (0ms)
		RebuildScriptCaches (0ms)
		SetupLoadedEditorAssemblies (605ms)
			LogAssemblyErrors (0ms)
			InitializePlatformSupportModulesInManaged (46ms)
			SetLoadedEditorAssemblies (3ms)
			RefreshPlugins (0ms)
			BeforeProcessingInitializeOnLoad (75ms)
			ProcessInitializeOnLoadAttributes (330ms)
			ProcessInitializeOnLoadMethodAttributes (141ms)
			AfterProcessingInitializeOnLoad (9ms)
			EditorAssembliesLoaded (0ms)
		ExecutionOrderSort2 (0ms)
		AwakeInstancesAfterBackupRestoration (11ms)
Launched and connected shader compiler UnityShaderCompiler.exe after 0.06 seconds
Refreshing native plugins compatible for Editor in 8.25 ms, found 3 plugins.
Preloading 0 native plugins for Editor in 0.00 ms.
Unloading 4247 Unused Serialized files (Serialized files now loaded: 0)
Unloading 75 unused Assets / (74.9 KB). Loaded Objects now: 4683.
Memory consumption went from 154.2 MB to 154.1 MB.
Total: 4.148300 ms (FindLiveObjects: 0.203500 ms CreateObjectMapping: 0.079400 ms MarkObjects: 3.758900 ms  DeleteObjects: 0.105200 ms)

AssetImportParameters requested are different than current active one (requested -> active):
  custom:container-demuxer-ogg: 62fdf1f143b41e24485cea50d1cbac27 -> 
  custom:video-decoder-ogg-theora: a1e56fd34408186e4bbccfd4996cb3dc -> 
  custom:framework-win-MediaFoundation: 216162199b28c13a410421893ffa2e32 -> 
  custom:CustomObjectIndexerAttribute: 9a22284fe3817be447336de3de66b15e -> 
  custom:container-demuxer-webm: 4f35f7cbe854078d1ac9338744f61a02 -> 
  custom:container-muxer-webm: aa71ff27fc2769a1b78a27578f13a17b -> 
  custom:video-decoder-webm-vp8: 9c59270c3fd7afecdb556c50c9e8de78 -> 
  custom:SearchIndexIgnoredProperties: e643bd26f0fe6173181afceb89e7c659 -> 
  custom:AudioImporter_EditorPlatform: d09bf68614088b80899f8185d706f6e7 -> 
  custom:video-encoder-webm-vp8: eb34c28f22e8b96e1ab97ce403110664 -> 
  custom:audio-decoder-ogg-vorbis: bf7c407c2cedff20999df2af8eb42d56 -> 
  custom:audio-encoder-webm-vorbis: bf7c407c2cedff20999df2af8eb42d56 -> 
========================================================================
Received Import Request.
  Time since last request: 353471.859684 seconds.
  path: Assets/Polylised - Medieval Desert City/Models/Civilian_Buildings/civilian_house_10.FBX
  artifactKey: Guid(c725e79c6a634254983a6ebf8bb74303) Importer(815301076,1909f56bfc062723c751e8b465ee728b)
Start importing Assets/Polylised - Medieval Desert City/Models/Civilian_Buildings/civilian_house_10.FBX using Guid(c725e79c6a634254983a6ebf8bb74303) Importer(815301076,1909f56bfc062723c751e8b465ee728b)  -> (artifact id: 'a1155ef7aff26b22482a9f7b1dcb0a31') in 0.269608 seconds
Number of updated asset objects reloaded before import = 0
Number of asset objects unloaded after import = 13
========================================================================
Received Import Request.
  Time since last request: 0.271583 seconds.
  path: Assets/Polylised - Medieval Desert City/Models/Civilian_Buildings/civilian_house_18_a.FBX
  artifactKey: Guid(769dacb9f93ae3c4a9de7c494d091360) Importer(815301076,1909f56bfc062723c751e8b465ee728b)
Start importing Assets/Polylised - Medieval Desert City/Models/Civilian_Buildings/civilian_house_18_a.FBX using Guid(769dacb9f93ae3c4a9de7c494d091360) Importer(815301076,1909f56bfc062723c751e8b465ee728b)  -> (artifact id: '138659de2862edef6f61a11f284b6980') in 0.012936 seconds
Number of updated asset objects reloaded before import = 0
Number of asset objects unloaded after import = 13
========================================================================
Received Import Request.
  Time since last request: 0.006003 seconds.
  path: Assets/Polylised - Medieval Desert City/Models/Civilian_Buildings/civilian_house_19.FBX
  artifactKey: Guid(f5bd71c663c59fc4f8ba6c88005057a0) Importer(815301076,1909f56bfc062723c751e8b465ee728b)
Start importing Assets/Polylised - Medieval Desert City/Models/Civilian_Buildings/civilian_house_19.FBX using Guid(f5bd71c663c59fc4f8ba6c88005057a0) Importer(815301076,1909f56bfc062723c751e8b465ee728b)  -> (artifact id: 'd379ece41d2e39001e1c9546f971e312') in 0.012467 seconds
Number of updated asset objects reloaded before import = 0
Number of asset objects unloaded after import = 14
========================================================================
Received Import Request.
  Time since last request: 0.364921 seconds.
  path: Assets/Polylised - Medieval Desert City/Models/Civilian_Buildings/civilian_house_21.FBX
  artifactKey: Guid(b5eadb870bc70804cb82f3ddb78276c4) Importer(815301076,1909f56bfc062723c751e8b465ee728b)
Start importing Assets/Polylised - Medieval Desert City/Models/Civilian_Buildings/civilian_house_21.FBX using Guid(b5eadb870bc70804cb82f3ddb78276c4) Importer(815301076,1909f56bfc062723c751e8b465ee728b)  -> (artifact id: '3848401fd45db40e191c23f439140541') in 0.013166 seconds
Number of updated asset objects reloaded before import = 0
Number of asset objects unloaded after import = 11
========================================================================
Received Import Request.
  Time since last request: 0.022728 seconds.
  path: Assets/Polylised - Medieval Desert City/Models/Civilian_Buildings/civilian_house_24_b.FBX
  artifactKey: Guid(c94efc092c905734c919ee0fc88b9d29) Importer(815301076,1909f56bfc062723c751e8b465ee728b)
Start importing Assets/Polylised - Medieval Desert City/Models/Civilian_Buildings/civilian_house_24_b.FBX using Guid(c94efc092c905734c919ee0fc88b9d29) Importer(815301076,1909f56bfc062723c751e8b465ee728b)  -> (artifact id: 'b2c0972ec3763b5eda28ab6012a3f221') in 0.011290 seconds
Number of updated asset objects reloaded before import = 0
Number of asset objects unloaded after import = 11
========================================================================
Received Import Request.
  Time since last request: 0.029007 seconds.
  path: Assets/Polylised - Medieval Desert City/Models/Civilian_Buildings/civilian_house_26.FBX
  artifactKey: Guid(7b9223fe5c679f24ea843778af3ec742) Importer(815301076,1909f56bfc062723c751e8b465ee728b)
Start importing Assets/Polylised - Medieval Desert City/Models/Civilian_Buildings/civilian_house_26.FBX using Guid(7b9223fe5c679f24ea843778af3ec742) Importer(815301076,1909f56bfc062723c751e8b465ee728b)  -> (artifact id: '9cef4de2ec000c491d47ab44723b04b6') in 0.013033 seconds
Number of updated asset objects reloaded before import = 0
Number of asset objects unloaded after import = 12
========================================================================
Received Import Request.
  Time since last request: 0.273305 seconds.
  path: Assets/Polylised - Medieval Desert City/Models/Civilian_Buildings/civilian_house_28.FBX
  artifactKey: Guid(c00149a22995e7545be9a600777e16b4) Importer(815301076,1909f56bfc062723c751e8b465ee728b)
Start importing Assets/Polylised - Medieval Desert City/Models/Civilian_Buildings/civilian_house_28.FBX using Guid(c00149a22995e7545be9a600777e16b4) Importer(815301076,1909f56bfc062723c751e8b465ee728b)  -> (artifact id: '1be8578b4aa4c9bf4728c1fdade41669') in 0.013453 seconds
Number of updated asset objects reloaded before import = 0
Number of asset objects unloaded after import = 12
========================================================================
Received Import Request.
  Time since last request: 0.009388 seconds.
  path: Assets/Polylised - Medieval Desert City/Models/Civilian_Buildings/civilian_house_30_a.FBX
  artifactKey: Guid(4d8e23f622532554781818f9f375f43d) Importer(815301076,1909f56bfc062723c751e8b465ee728b)
Start importing Assets/Polylised - Medieval Desert City/Models/Civilian_Buildings/civilian_house_30_a.FBX using Guid(4d8e23f622532554781818f9f375f43d) Importer(815301076,1909f56bfc062723c751e8b465ee728b)  -> (artifact id: '93138387b74601427c396ecc3c9c91fd') in 0.021509 seconds
Number of updated asset objects reloaded before import = 0
Number of asset objects unloaded after import = 12
========================================================================
Received Import Request.
  Time since last request: 0.012825 seconds.
  path: Assets/Polylised - Medieval Desert City/Models/Civilian_Buildings/civilian_house_30_e.FBX
  artifactKey: Guid(6613430883563694a83a5815635299c6) Importer(815301076,1909f56bfc062723c751e8b465ee728b)
Start importing Assets/Polylised - Medieval Desert City/Models/Civilian_Buildings/civilian_house_30_e.FBX using Guid(6613430883563694a83a5815635299c6) Importer(815301076,1909f56bfc062723c751e8b465ee728b)  -> (artifact id: '8120647bbdeb009d7d71a6a17350a600') in 0.011749 seconds
Number of updated asset objects reloaded before import = 0
Number of asset objects unloaded after import = 13
========================================================================
Received Import Request.
  Time since last request: 0.327442 seconds.
  path: Assets/Polylised - Medieval Desert City/Models/Civilian_Buildings/civilian_house_30_g.FBX
  artifactKey: Guid(b135ccb94c54ece4eaefacb0c5c8fff6) Importer(815301076,1909f56bfc062723c751e8b465ee728b)
Start importing Assets/Polylised - Medieval Desert City/Models/Civilian_Buildings/civilian_house_30_g.FBX using Guid(b135ccb94c54ece4eaefacb0c5c8fff6) Importer(815301076,1909f56bfc062723c751e8b465ee728b)  -> (artifact id: '3cfe53861796e0f68b7e2fa1eed747c6') in 0.022793 seconds
Number of updated asset objects reloaded before import = 0
Number of asset objects unloaded after import = 12
========================================================================
Received Import Request.
  Time since last request: 0.342497 seconds.
  path: Assets/Polylised - Medieval Desert City/Models/Civilian_Buildings/civilian_house_31_b.FBX
  artifactKey: Guid(5ab96c680f199c24d9c5247f9232a49b) Importer(815301076,1909f56bfc062723c751e8b465ee728b)
Start importing Assets/Polylised - Medieval Desert City/Models/Civilian_Buildings/civilian_house_31_b.FBX using Guid(5ab96c680f199c24d9c5247f9232a49b) Importer(815301076,1909f56bfc062723c751e8b465ee728b)  -> (artifact id: '1477207cf0fb1bf0b496e8e9e9d6c362') in 0.012741 seconds
Number of updated asset objects reloaded before import = 0
Number of asset objects unloaded after import = 13
========================================================================
Received Import Request.
  Time since last request: 0.009913 seconds.
  path: Assets/Polylised - Medieval Desert City/Models/Civilian_Buildings/civilian_house_31_d.FBX
  artifactKey: Guid(183e1fef770125b408b23b1202205148) Importer(815301076,1909f56bfc062723c751e8b465ee728b)
Start importing Assets/Polylised - Medieval Desert City/Models/Civilian_Buildings/civilian_house_31_d.FBX using Guid(183e1fef770125b408b23b1202205148) Importer(815301076,1909f56bfc062723c751e8b465ee728b)  -> (artifact id: '51d4ef5b2b2dc6325b58c753c978a048') in 0.011514 seconds
Number of updated asset objects reloaded before import = 0
Number of asset objects unloaded after import = 12
========================================================================
Received Import Request.
  Time since last request: 0.011024 seconds.
  path: Assets/Polylised - Medieval Desert City/Models/Civilian_Buildings/civilian_house_31_f.FBX
  artifactKey: Guid(f93ea3998ade9c84ebe0e214aaf6513c) Importer(815301076,1909f56bfc062723c751e8b465ee728b)
Start importing Assets/Polylised - Medieval Desert City/Models/Civilian_Buildings/civilian_house_31_f.FBX using Guid(f93ea3998ade9c84ebe0e214aaf6513c) Importer(815301076,1909f56bfc062723c751e8b465ee728b)  -> (artifact id: '45dd69224a8041449f5eb59820353d57') in 0.011382 seconds
Number of updated asset objects reloaded before import = 0
Number of asset objects unloaded after import = 12
========================================================================
Received Import Request.
  Time since last request: 0.004764 seconds.
  path: Assets/Polylised - Medieval Desert City/Models/Civilian_Buildings/civilian_house_31_h.FBX
  artifactKey: Guid(984cf2bd38a397543aabe390bffe1f76) Importer(815301076,1909f56bfc062723c751e8b465ee728b)
Start importing Assets/Polylised - Medieval Desert City/Models/Civilian_Buildings/civilian_house_31_h.FBX using Guid(984cf2bd38a397543aabe390bffe1f76) Importer(815301076,1909f56bfc062723c751e8b465ee728b)  -> (artifact id: '182d31d433c499cc4f910d9bda6f87d3') in 0.011392 seconds
Number of updated asset objects reloaded before import = 0
Number of asset objects unloaded after import = 12
========================================================================
Received Import Request.
  Time since last request: 0.269170 seconds.
  path: Assets/Polylised - Medieval Desert City/Models/Civilian_Buildings/civilian_house_32_b.FBX
  artifactKey: Guid(8a9f59f3655f6dd47bd0c7b37283f33a) Importer(815301076,1909f56bfc062723c751e8b465ee728b)
Start importing Assets/Polylised - Medieval Desert City/Models/Civilian_Buildings/civilian_house_32_b.FBX using Guid(8a9f59f3655f6dd47bd0c7b37283f33a) Importer(815301076,1909f56bfc062723c751e8b465ee728b)  -> (artifact id: '25060bedd27ab8e945e339d7bae42ac5') in 0.013337 seconds
Number of updated asset objects reloaded before import = 0
Number of asset objects unloaded after import = 12
========================================================================
Received Import Request.
  Time since last request: 0.012960 seconds.
  path: Assets/Polylised - Medieval Desert City/Models/Civilian_Buildings/civilian_house_32_d.FBX
  artifactKey: Guid(4274de0396032714aa84b82c619c95d2) Importer(815301076,1909f56bfc062723c751e8b465ee728b)
Start importing Assets/Polylised - Medieval Desert City/Models/Civilian_Buildings/civilian_house_32_d.FBX using Guid(4274de0396032714aa84b82c619c95d2) Importer(815301076,1909f56bfc062723c751e8b465ee728b)  -> (artifact id: 'e9f3bd36075a6695e220462eed55ef79') in 0.013073 seconds
Number of updated asset objects reloaded before import = 0
Number of asset objects unloaded after import = 13
========================================================================
Received Import Request.
  Time since last request: 0.009362 seconds.
  path: Assets/Polylised - Medieval Desert City/Models/Civilian_Buildings/civilian_house_33_b.FBX
  artifactKey: Guid(193e48bec4a653e4e897f98ecc7940b9) Importer(815301076,1909f56bfc062723c751e8b465ee728b)
Start importing Assets/Polylised - Medieval Desert City/Models/Civilian_Buildings/civilian_house_33_b.FBX using Guid(193e48bec4a653e4e897f98ecc7940b9) Importer(815301076,1909f56bfc062723c751e8b465ee728b)  -> (artifact id: '0346340f7627fd63ce46e69ffa8b64bb') in 0.013002 seconds
Number of updated asset objects reloaded before import = 0
Number of asset objects unloaded after import = 12
========================================================================
Received Import Request.
  Time since last request: 0.252653 seconds.
  path: Assets/Polylised - Medieval Desert City/Models/Civilian_Buildings/civilian_house_33_f.FBX
  artifactKey: Guid(dd1e417c027d43f41acd8b41b296e34d) Importer(815301076,1909f56bfc062723c751e8b465ee728b)
Start importing Assets/Polylised - Medieval Desert City/Models/Civilian_Buildings/civilian_house_33_f.FBX using Guid(dd1e417c027d43f41acd8b41b296e34d) Importer(815301076,1909f56bfc062723c751e8b465ee728b)  -> (artifact id: '23f28ef4242f466799b3080f95932b27') in 0.013337 seconds
Number of updated asset objects reloaded before import = 0
Number of asset objects unloaded after import = 13
========================================================================
Received Import Request.
  Time since last request: 0.013550 seconds.
  path: Assets/Polylised - Medieval Desert City/Models/Civilian_Buildings/civilian_house_34_a.FBX
  artifactKey: Guid(9b0e1aa2deeb0c243a109311219e7ffb) Importer(815301076,1909f56bfc062723c751e8b465ee728b)
Start importing Assets/Polylised - Medieval Desert City/Models/Civilian_Buildings/civilian_house_34_a.FBX using Guid(9b0e1aa2deeb0c243a109311219e7ffb) Importer(815301076,1909f56bfc062723c751e8b465ee728b)  -> (artifact id: '6ce8233f057397aa9686c0618136e9b5') in 0.013546 seconds
Number of updated asset objects reloaded before import = 0
Number of asset objects unloaded after import = 12
========================================================================
Received Import Request.
  Time since last request: 0.266179 seconds.
  path: Assets/Polylised - Medieval Desert City/Models/Civilian_Buildings/civilian_house_34_e.FBX
  artifactKey: Guid(e6daeb30212ea5645a7d0b2087c721aa) Importer(815301076,1909f56bfc062723c751e8b465ee728b)
Start importing Assets/Polylised - Medieval Desert City/Models/Civilian_Buildings/civilian_house_34_e.FBX using Guid(e6daeb30212ea5645a7d0b2087c721aa) Importer(815301076,1909f56bfc062723c751e8b465ee728b)  -> (artifact id: '6117b43d168245a8ce89febbebcd04f8') in 0.012785 seconds
Number of updated asset objects reloaded before import = 0
Number of asset objects unloaded after import = 12
========================================================================
Received Import Request.
  Time since last request: 0.013573 seconds.
  path: Assets/Polylised - Medieval Desert City/Models/Civilian_Buildings/civilian_house_34_i.FBX
  artifactKey: Guid(6f3e1248bc3939247869a2a03c2ac7b5) Importer(815301076,1909f56bfc062723c751e8b465ee728b)
Start importing Assets/Polylised - Medieval Desert City/Models/Civilian_Buildings/civilian_house_34_i.FBX using Guid(6f3e1248bc3939247869a2a03c2ac7b5) Importer(815301076,1909f56bfc062723c751e8b465ee728b)  -> (artifact id: '2e0b84a5d09522824daf83e56048e472') in 0.013143 seconds
Number of updated asset objects reloaded before import = 0
Number of asset objects unloaded after import = 13
========================================================================
Received Import Request.
  Time since last request: 0.000910 seconds.
  path: Assets/Polylised - Medieval Desert City/Models/Civilian_Buildings/civilian_house_35_b.FBX
  artifactKey: Guid(8b2a0e3c51e756f46998d02610b0221d) Importer(815301076,1909f56bfc062723c751e8b465ee728b)
Start importing Assets/Polylised - Medieval Desert City/Models/Civilian_Buildings/civilian_house_35_b.FBX using Guid(8b2a0e3c51e756f46998d02610b0221d) Importer(815301076,1909f56bfc062723c751e8b465ee728b)  -> (artifact id: 'fac46dc7580c388118213b62a1eefa32') in 0.013182 seconds
Number of updated asset objects reloaded before import = 0
Number of asset objects unloaded after import = 13
========================================================================
Received Import Request.
  Time since last request: 0.234319 seconds.
  path: Assets/Polylised - Medieval Desert City/Models/Civilian_Buildings/civilian_house_35_d.FBX
  artifactKey: Guid(c344bfb73595c094cb2b3d6cc78602dc) Importer(815301076,1909f56bfc062723c751e8b465ee728b)
Start importing Assets/Polylised - Medieval Desert City/Models/Civilian_Buildings/civilian_house_35_d.FBX using Guid(c344bfb73595c094cb2b3d6cc78602dc) Importer(815301076,1909f56bfc062723c751e8b465ee728b)  -> (artifact id: 'a094257239c3e8cbe21f1ea35c4ed914') in 0.012049 seconds
Number of updated asset objects reloaded before import = 0
Number of asset objects unloaded after import = 12
========================================================================
Received Import Request.
  Time since last request: 0.009997 seconds.
  path: Assets/Polylised - Medieval Desert City/Models/Civilian_Buildings/civilian_house_36_b.FBX
  artifactKey: Guid(4631d7def19d9e545a10fc4740dc14cd) Importer(815301076,1909f56bfc062723c751e8b465ee728b)
Start importing Assets/Polylised - Medieval Desert City/Models/Civilian_Buildings/civilian_house_36_b.FBX using Guid(4631d7def19d9e545a10fc4740dc14cd) Importer(815301076,1909f56bfc062723c751e8b465ee728b)  -> (artifact id: 'aac2c47e2f49e8fb9b9916aed547a8cc') in 0.012524 seconds
Number of updated asset objects reloaded before import = 0
Number of asset objects unloaded after import = 13
========================================================================
Received Import Request.
  Time since last request: 0.016205 seconds.
  path: Assets/Polylised - Medieval Desert City/Models/Civilian_Buildings/civilian_house_37_c.FBX
  artifactKey: Guid(d9be281645f846444b987d38ea36e696) Importer(815301076,1909f56bfc062723c751e8b465ee728b)
Start importing Assets/Polylised - Medieval Desert City/Models/Civilian_Buildings/civilian_house_37_c.FBX using Guid(d9be281645f846444b987d38ea36e696) Importer(815301076,1909f56bfc062723c751e8b465ee728b)  -> (artifact id: '523b6c9e68fd805645831999b1ce835c') in 0.012252 seconds
Number of updated asset objects reloaded before import = 0
Number of asset objects unloaded after import = 12
========================================================================
Received Import Request.
  Time since last request: 0.242489 seconds.
  path: Assets/Polylised - Medieval Desert City/Models/Civilian_Buildings/civilian_house_37_g.FBX
  artifactKey: Guid(c60a0a0191262a84e9831412f10390f5) Importer(815301076,1909f56bfc062723c751e8b465ee728b)
Start importing Assets/Polylised - Medieval Desert City/Models/Civilian_Buildings/civilian_house_37_g.FBX using Guid(c60a0a0191262a84e9831412f10390f5) Importer(815301076,1909f56bfc062723c751e8b465ee728b)  -> (artifact id: 'e015fe47ec97f9b847af98bbbad49e65') in 0.014432 seconds
Number of updated asset objects reloaded before import = 0
Number of asset objects unloaded after import = 13
========================================================================
Received Import Request.
  Time since last request: 0.021099 seconds.
  path: Assets/Polylised - Medieval Desert City/Models/Civilian_Buildings/civilian_house_38_c.FBX
  artifactKey: Guid(1e6153792f75a4c4f9492159e3e93310) Importer(815301076,1909f56bfc062723c751e8b465ee728b)
Start importing Assets/Polylised - Medieval Desert City/Models/Civilian_Buildings/civilian_house_38_c.FBX using Guid(1e6153792f75a4c4f9492159e3e93310) Importer(815301076,1909f56bfc062723c751e8b465ee728b)  -> (artifact id: 'd0f35d8f080ed39f4e4e5bb33060acf4') in 0.013081 seconds
Number of updated asset objects reloaded before import = 0
Number of asset objects unloaded after import = 12
========================================================================
Received Import Request.
  Time since last request: 0.014908 seconds.
  path: Assets/Polylised - Medieval Desert City/Models/Civilian_Buildings/civilian_house_38_g.FBX
  artifactKey: Guid(d81af5f756f2fe04997500bf574a7d71) Importer(815301076,1909f56bfc062723c751e8b465ee728b)
Start importing Assets/Polylised - Medieval Desert City/Models/Civilian_Buildings/civilian_house_38_g.FBX using Guid(d81af5f756f2fe04997500bf574a7d71) Importer(815301076,1909f56bfc062723c751e8b465ee728b)  -> (artifact id: 'aa32f8aef34592e964aa1c33f7e44fbd') in 0.012922 seconds
Number of updated asset objects reloaded before import = 0
Number of asset objects unloaded after import = 14
========================================================================
Received Import Request.
  Time since last request: 0.241478 seconds.
  path: Assets/Polylised - Medieval Desert City/Models/Civilian_Buildings/civilian_house_39_a.FBX
  artifactKey: Guid(0723c59fcdc57514fbcc73149d7db3e7) Importer(815301076,1909f56bfc062723c751e8b465ee728b)
Start importing Assets/Polylised - Medieval Desert City/Models/Civilian_Buildings/civilian_house_39_a.FBX using Guid(0723c59fcdc57514fbcc73149d7db3e7) Importer(815301076,1909f56bfc062723c751e8b465ee728b)  -> (artifact id: '6242c28e0f6656333b7da20bf4b6880a') in 0.012474 seconds
Number of updated asset objects reloaded before import = 0
Number of asset objects unloaded after import = 12
========================================================================
Received Import Request.
  Time since last request: 0.017088 seconds.
  path: Assets/Polylised - Medieval Desert City/Models/Civilian_Buildings/civilian_house_39_e.FBX
  artifactKey: Guid(db0a71ec42582994088a73825ea58080) Importer(815301076,1909f56bfc062723c751e8b465ee728b)
Start importing Assets/Polylised - Medieval Desert City/Models/Civilian_Buildings/civilian_house_39_e.FBX using Guid(db0a71ec42582994088a73825ea58080) Importer(815301076,1909f56bfc062723c751e8b465ee728b)  -> (artifact id: 'af0926c4b2608d000edb19cfe418acb0') in 0.011508 seconds
Number of updated asset objects reloaded before import = 0
Number of asset objects unloaded after import = 12
========================================================================
Received Import Request.
  Time since last request: 0.272765 seconds.
  path: Assets/Polylised - Medieval Desert City/Models/Civilian_Buildings/civilian_house_40_b.FBX
  artifactKey: Guid(d00b666826c47d24f97417c11a59138e) Importer(815301076,1909f56bfc062723c751e8b465ee728b)
Start importing Assets/Polylised - Medieval Desert City/Models/Civilian_Buildings/civilian_house_40_b.FBX using Guid(d00b666826c47d24f97417c11a59138e) Importer(815301076,1909f56bfc062723c751e8b465ee728b)  -> (artifact id: '3e2b7fa5a137113bea057fc6669257f7') in 0.012489 seconds
Number of updated asset objects reloaded before import = 0
Number of asset objects unloaded after import = 12
========================================================================
Received Import Request.
  Time since last request: 0.011279 seconds.
  path: Assets/Polylised - Medieval Desert City/Models/Civilian_Buildings/civilian_house_40_f.FBX
  artifactKey: Guid(d9f3e34dc0330454184e92565e17f799) Importer(815301076,1909f56bfc062723c751e8b465ee728b)
Start importing Assets/Polylised - Medieval Desert City/Models/Civilian_Buildings/civilian_house_40_f.FBX using Guid(d9f3e34dc0330454184e92565e17f799) Importer(815301076,1909f56bfc062723c751e8b465ee728b)  -> (artifact id: '65127c364ecd34628aa6143453ffba07') in 0.012062 seconds
Number of updated asset objects reloaded before import = 0
Number of asset objects unloaded after import = 12
========================================================================
Received Import Request.
  Time since last request: 0.005318 seconds.
  path: Assets/Polylised - Medieval Desert City/Models/Civilian_Buildings/civilian_house_41_b.FBX
  artifactKey: Guid(a3d770a585bb4ab4f883c4243e727303) Importer(815301076,1909f56bfc062723c751e8b465ee728b)
Start importing Assets/Polylised - Medieval Desert City/Models/Civilian_Buildings/civilian_house_41_b.FBX using Guid(a3d770a585bb4ab4f883c4243e727303) Importer(815301076,1909f56bfc062723c751e8b465ee728b)  -> (artifact id: 'c478224d3c9e8a04574a3120ae9b7568') in 0.015335 seconds
Number of updated asset objects reloaded before import = 0
Number of asset objects unloaded after import = 13
========================================================================
Received Import Request.
  Time since last request: 0.002506 seconds.
  path: Assets/Polylised - Medieval Desert City/Models/Civilian_Buildings/civilian_house_42.FBX
  artifactKey: Guid(8c250eaae67b9c54191b2027be780ed7) Importer(815301076,1909f56bfc062723c751e8b465ee728b)
Start importing Assets/Polylised - Medieval Desert City/Models/Civilian_Buildings/civilian_house_42.FBX using Guid(8c250eaae67b9c54191b2027be780ed7) Importer(815301076,1909f56bfc062723c751e8b465ee728b)  -> (artifact id: 'e249cf923b994f4538d50e3c938ba2ec') in 0.010709 seconds
Number of updated asset objects reloaded before import = 0
Number of asset objects unloaded after import = 11
========================================================================
Received Import Request.
  Time since last request: 0.243672 seconds.
  path: Assets/Polylised - Medieval Desert City/Models/Civilian_Buildings/civilian_house_44.FBX
  artifactKey: Guid(4f43b6a44eb33d94c96ca8bd294d917a) Importer(815301076,1909f56bfc062723c751e8b465ee728b)
Start importing Assets/Polylised - Medieval Desert City/Models/Civilian_Buildings/civilian_house_44.FBX using Guid(4f43b6a44eb33d94c96ca8bd294d917a) Importer(815301076,1909f56bfc062723c751e8b465ee728b)  -> (artifact id: '268638f580a6d52ca22caf65efe14a28') in 0.020807 seconds
Number of updated asset objects reloaded before import = 0
Number of asset objects unloaded after import = 12
========================================================================
Received Import Request.
  Time since last request: 0.006731 seconds.
  path: Assets/Polylised - Medieval Desert City/Models/Civilian_Buildings/civilian_house_ruin_b.FBX
  artifactKey: Guid(072a6a13f1af64c4f88b7ff738f65941) Importer(815301076,1909f56bfc062723c751e8b465ee728b)
Start importing Assets/Polylised - Medieval Desert City/Models/Civilian_Buildings/civilian_house_ruin_b.FBX using Guid(072a6a13f1af64c4f88b7ff738f65941) Importer(815301076,1909f56bfc062723c751e8b465ee728b)  -> (artifact id: '20be8aa937c52a19db889ffaa05ed369') in 0.010235 seconds
Number of updated asset objects reloaded before import = 0
Number of asset objects unloaded after import = 9
========================================================================
Received Import Request.
  Time since last request: 0.027498 seconds.
  path: Assets/Polylised - Medieval Desert City/Models/Civilian_Buildings/civilian_house_ruin_f.FBX
  artifactKey: Guid(55fc939a272f96f4ea545e125ec1d5fa) Importer(815301076,1909f56bfc062723c751e8b465ee728b)
Start importing Assets/Polylised - Medieval Desert City/Models/Civilian_Buildings/civilian_house_ruin_f.FBX using Guid(55fc939a272f96f4ea545e125ec1d5fa) Importer(815301076,1909f56bfc062723c751e8b465ee728b)  -> (artifact id: '89279c23ec17847641833030abb1622b') in 0.011576 seconds
Number of updated asset objects reloaded before import = 0
Number of asset objects unloaded after import = 11
========================================================================
Received Import Request.
  Time since last request: 0.234569 seconds.
  path: Assets/Polylised - Medieval Desert City/Models/Civilian_Buildings/ladder_1.FBX
  artifactKey: Guid(6aae6b211169b464c9d12725b568fc16) Importer(815301076,1909f56bfc062723c751e8b465ee728b)
Start importing Assets/Polylised - Medieval Desert City/Models/Civilian_Buildings/ladder_1.FBX using Guid(6aae6b211169b464c9d12725b568fc16) Importer(815301076,1909f56bfc062723c751e8b465ee728b)  -> (artifact id: '01a4a12eeb83e65ecf78498fe2a18a44') in 0.009583 seconds
Number of updated asset objects reloaded before import = 0
Number of asset objects unloaded after import = 8
========================================================================
Received Import Request.
  Time since last request: 0.008417 seconds.
  path: Assets/Polylised - Medieval Desert City/Models/Civilian_Buildings/roof_building_1.FBX
  artifactKey: Guid(be2688ee2ed63854ebd6c0d6a10bbc61) Importer(815301076,1909f56bfc062723c751e8b465ee728b)
Start importing Assets/Polylised - Medieval Desert City/Models/Civilian_Buildings/roof_building_1.FBX using Guid(be2688ee2ed63854ebd6c0d6a10bbc61) Importer(815301076,1909f56bfc062723c751e8b465ee728b)  -> (artifact id: '6e24f8b277e4cea5fbed2630c7ee3f15') in 0.011591 seconds
Number of updated asset objects reloaded before import = 0
Number of asset objects unloaded after import = 13
========================================================================
Received Import Request.
  Time since last request: 0.008006 seconds.
  path: Assets/Polylised - Medieval Desert City/Models/Civilian_Buildings/roof_building_5.FBX
  artifactKey: Guid(e0bad23d40b77754bbe496c059e7c8f8) Importer(815301076,1909f56bfc062723c751e8b465ee728b)
Start importing Assets/Polylised - Medieval Desert City/Models/Civilian_Buildings/roof_building_5.FBX using Guid(e0bad23d40b77754bbe496c059e7c8f8) Importer(815301076,1909f56bfc062723c751e8b465ee728b)  -> (artifact id: '1849a7ea817b09d47d4f0b373efc4f73') in 0.009679 seconds
Number of updated asset objects reloaded before import = 0
Number of asset objects unloaded after import = 9
========================================================================
Received Import Request.
  Time since last request: 0.244596 seconds.
  path: Assets/Polylised - Medieval Desert City/Models/Civilian_Buildings/roof_building_6_b.FBX
  artifactKey: Guid(c61ecee472e0f3a48ba2a27fecc60f69) Importer(815301076,1909f56bfc062723c751e8b465ee728b)
Start importing Assets/Polylised - Medieval Desert City/Models/Civilian_Buildings/roof_building_6_b.FBX using Guid(c61ecee472e0f3a48ba2a27fecc60f69) Importer(815301076,1909f56bfc062723c751e8b465ee728b)  -> (artifact id: '047ac72e68298f3ca1aa5fa7e0c767df') in 0.012181 seconds
Number of updated asset objects reloaded before import = 0
Number of asset objects unloaded after import = 11
========================================================================
Received Import Request.
  Time since last request: 0.004478 seconds.
  path: Assets/Polylised - Medieval Desert City/Models/Civilian_Buildings/roof_building_8.FBX
  artifactKey: Guid(a0bb50c9ae8f258438444dab4dab9a37) Importer(815301076,1909f56bfc062723c751e8b465ee728b)
Start importing Assets/Polylised - Medieval Desert City/Models/Civilian_Buildings/roof_building_8.FBX using Guid(a0bb50c9ae8f258438444dab4dab9a37) Importer(815301076,1909f56bfc062723c751e8b465ee728b)  -> (artifact id: '93820eb71cb67f8dd0e0e4c5a4ce4e21') in 0.010940 seconds
Number of updated asset objects reloaded before import = 0
Number of asset objects unloaded after import = 9
========================================================================
Received Import Request.
  Time since last request: 0.009834 seconds.
  path: Assets/Polylised - Medieval Desert City/Models/Civilian_Buildings/roof_building_10.FBX
  artifactKey: Guid(05593401e194c68438b8e4a6454fb530) Importer(815301076,1909f56bfc062723c751e8b465ee728b)
Start importing Assets/Polylised - Medieval Desert City/Models/Civilian_Buildings/roof_building_10.FBX using Guid(05593401e194c68438b8e4a6454fb530) Importer(815301076,1909f56bfc062723c751e8b465ee728b)  -> (artifact id: '0d65872f07c9242991c405cd01868a58') in 0.010516 seconds
Number of updated asset objects reloaded before import = 0
Number of asset objects unloaded after import = 9
========================================================================
Received Import Request.
  Time since last request: 0.011097 seconds.
  path: Assets/Polylised - Medieval Desert City/Models/Civilian_Buildings/standard_door_1.FBX
  artifactKey: Guid(c5936eafb26871944ad8d45a7d1d62a4) Importer(815301076,1909f56bfc062723c751e8b465ee728b)
Start importing Assets/Polylised - Medieval Desert City/Models/Civilian_Buildings/standard_door_1.FBX using Guid(c5936eafb26871944ad8d45a7d1d62a4) Importer(815301076,1909f56bfc062723c751e8b465ee728b)  -> (artifact id: '4a5f9aee25afa0de3e0d2eb976ebb1d9') in 0.010882 seconds
Number of updated asset objects reloaded before import = 0
Number of asset objects unloaded after import = 11
========================================================================
Received Import Request.
  Time since last request: 0.004394 seconds.
  path: Assets/Polylised - Medieval Desert City/Models/Civilian_Buildings/standard_door_3.FBX
  artifactKey: Guid(3b32caa6d9ea1e74d803a0b7c8293e2e) Importer(815301076,1909f56bfc062723c751e8b465ee728b)
Start importing Assets/Polylised - Medieval Desert City/Models/Civilian_Buildings/standard_door_3.FBX using Guid(3b32caa6d9ea1e74d803a0b7c8293e2e) Importer(815301076,1909f56bfc062723c751e8b465ee728b)  -> (artifact id: 'aa23ce5210ffa663dd70911bec9fb6ef') in 0.010408 seconds
Number of updated asset objects reloaded before import = 0
Number of asset objects unloaded after import = 11
========================================================================
Received Import Request.
  Time since last request: 0.285636 seconds.
  path: Assets/Polylised - Medieval Desert City/Models/Civilian_Buildings/standard_door_5.FBX
  artifactKey: Guid(4368007918c76b24e817f612ee85de16) Importer(815301076,1909f56bfc062723c751e8b465ee728b)
Start importing Assets/Polylised - Medieval Desert City/Models/Civilian_Buildings/standard_door_5.FBX using Guid(4368007918c76b24e817f612ee85de16) Importer(815301076,1909f56bfc062723c751e8b465ee728b)  -> (artifact id: '7068f72cec5ebc4751ff483d452b496b') in 0.011487 seconds
Number of updated asset objects reloaded before import = 0
Number of asset objects unloaded after import = 11
========================================================================
Received Import Request.
  Time since last request: 0.029592 seconds.
  path: Assets/Polylised - Medieval Desert City/Models/Civilian_Buildings/standard_door_9.FBX
  artifactKey: Guid(fc01303549c7426409df94cf097d46b8) Importer(815301076,1909f56bfc062723c751e8b465ee728b)
Start importing Assets/Polylised - Medieval Desert City/Models/Civilian_Buildings/standard_door_9.FBX using Guid(fc01303549c7426409df94cf097d46b8) Importer(815301076,1909f56bfc062723c751e8b465ee728b)  -> (artifact id: '72598f77cba493882a848ae65b9de40e') in 0.010795 seconds
Number of updated asset objects reloaded before import = 0
Number of asset objects unloaded after import = 10
========================================================================
Received Import Request.
  Time since last request: 0.398620 seconds.
  path: Assets/Polylised - Medieval Desert City/Models/Civilian_Buildings/standard_door_11.FBX
  artifactKey: Guid(b2a8eb07c71e4be4b82ba284d62bbb07) Importer(815301076,1909f56bfc062723c751e8b465ee728b)
Start importing Assets/Polylised - Medieval Desert City/Models/Civilian_Buildings/standard_door_11.FBX using Guid(b2a8eb07c71e4be4b82ba284d62bbb07) Importer(815301076,1909f56bfc062723c751e8b465ee728b)  -> (artifact id: '76897b793a9df354ac5ed7d966bbea60') in 0.010021 seconds
Number of updated asset objects reloaded before import = 0
Number of asset objects unloaded after import = 8
========================================================================
Received Import Request.
  Time since last request: 0.023685 seconds.
  path: Assets/Polylised - Medieval Desert City/Models/Civilian_Buildings/standard_rooftop_funnel.FBX
  artifactKey: Guid(cf32b56896554da498a39fd872b5e145) Importer(815301076,1909f56bfc062723c751e8b465ee728b)
Start importing Assets/Polylised - Medieval Desert City/Models/Civilian_Buildings/standard_rooftop_funnel.FBX using Guid(cf32b56896554da498a39fd872b5e145) Importer(815301076,1909f56bfc062723c751e8b465ee728b)  -> (artifact id: '364723c014280b587b5c14eeb5627776') in 0.009640 seconds
Number of updated asset objects reloaded before import = 0
Number of asset objects unloaded after import = 9
========================================================================
Received Import Request.
  Time since last request: 0.007514 seconds.
  path: Assets/Polylised - Medieval Desert City/Models/Civilian_Buildings/standard_window_1.FBX
  artifactKey: Guid(2a9e9e7bede996c4dac63338f4a3fa26) Importer(815301076,1909f56bfc062723c751e8b465ee728b)
Start importing Assets/Polylised - Medieval Desert City/Models/Civilian_Buildings/standard_window_1.FBX using Guid(2a9e9e7bede996c4dac63338f4a3fa26) Importer(815301076,1909f56bfc062723c751e8b465ee728b)  -> (artifact id: '21bc7c00428e1afe9fd35e06c8bd7e72') in 0.010544 seconds
Number of updated asset objects reloaded before import = 0
Number of asset objects unloaded after import = 11
========================================================================
Received Import Request.
  Time since last request: 0.341463 seconds.
  path: Assets/Polylised - Medieval Desert City/Models/Civilian_Buildings/standard_window_3.FBX
  artifactKey: Guid(9d9e4552f35c7ea458acb03321702942) Importer(815301076,1909f56bfc062723c751e8b465ee728b)
Start importing Assets/Polylised - Medieval Desert City/Models/Civilian_Buildings/standard_window_3.FBX using Guid(9d9e4552f35c7ea458acb03321702942) Importer(815301076,1909f56bfc062723c751e8b465ee728b)  -> (artifact id: '997218bccf6e12a0158bcab9234848c9') in 0.011884 seconds
Number of updated asset objects reloaded before import = 0
Number of asset objects unloaded after import = 10
========================================================================
Received Import Request.
  Time since last request: 0.022869 seconds.
  path: Assets/Polylised - Medieval Desert City/Models/Civilian_Buildings/standard_window_7.FBX
  artifactKey: Guid(00f64fcc9294315499dadfb0bd02434d) Importer(815301076,1909f56bfc062723c751e8b465ee728b)
Start importing Assets/Polylised - Medieval Desert City/Models/Civilian_Buildings/standard_window_7.FBX using Guid(00f64fcc9294315499dadfb0bd02434d) Importer(815301076,1909f56bfc062723c751e8b465ee728b)  -> (artifact id: '193f7ee3d1b8b007208ae1ec49c2b726') in 0.010941 seconds
Number of updated asset objects reloaded before import = 0
Number of asset objects unloaded after import = 11
========================================================================
Received Import Request.
  Time since last request: 0.019650 seconds.
  path: Assets/Polylised - Medieval Desert City/Models/Civilian_Buildings/standard_window_11.FBX
  artifactKey: Guid(74c58ac7867361c45828fe56346a1dad) Importer(815301076,1909f56bfc062723c751e8b465ee728b)
Start importing Assets/Polylised - Medieval Desert City/Models/Civilian_Buildings/standard_window_11.FBX using Guid(74c58ac7867361c45828fe56346a1dad) Importer(815301076,1909f56bfc062723c751e8b465ee728b)  -> (artifact id: 'df57336bbeae506eadab56fb852d707c') in 0.011087 seconds
Number of updated asset objects reloaded before import = 0
Number of asset objects unloaded after import = 12
========================================================================
Received Import Request.
  Time since last request: 0.008084 seconds.
  path: Assets/Polylised - Medieval Desert City/Models/Civilian_Buildings/standard_window_13.FBX
  artifactKey: Guid(55db8022b6a42e34bab1d14d189d1ec2) Importer(815301076,1909f56bfc062723c751e8b465ee728b)
Start importing Assets/Polylised - Medieval Desert City/Models/Civilian_Buildings/standard_window_13.FBX using Guid(55db8022b6a42e34bab1d14d189d1ec2) Importer(815301076,1909f56bfc062723c751e8b465ee728b)  -> (artifact id: '1e59cfc6bfe4c6328a42aea68151e240') in 0.010561 seconds
Number of updated asset objects reloaded before import = 0
Number of asset objects unloaded after import = 11
========================================================================
Received Import Request.
  Time since last request: 0.273201 seconds.
  path: Assets/Polylised - Medieval Desert City/Models/Civilian_Buildings/standard_window_15.FBX
  artifactKey: Guid(a585c7657b5386b41bb295596a36d6a3) Importer(815301076,1909f56bfc062723c751e8b465ee728b)
Start importing Assets/Polylised - Medieval Desert City/Models/Civilian_Buildings/standard_window_15.FBX using Guid(a585c7657b5386b41bb295596a36d6a3) Importer(815301076,1909f56bfc062723c751e8b465ee728b)  -> (artifact id: '0cb50c8287018617f0746b71b561483a') in 0.012287 seconds
Number of updated asset objects reloaded before import = 0
Number of asset objects unloaded after import = 11
========================================================================
Received Import Request.
  Time since last request: 0.012074 seconds.
  path: Assets/Polylised - Medieval Desert City/Models/Civilian_Buildings/standard_window_17.FBX
  artifactKey: Guid(c16b49e9a173d7844b70d4211a9bc908) Importer(815301076,1909f56bfc062723c751e8b465ee728b)
Start importing Assets/Polylised - Medieval Desert City/Models/Civilian_Buildings/standard_window_17.FBX using Guid(c16b49e9a173d7844b70d4211a9bc908) Importer(815301076,1909f56bfc062723c751e8b465ee728b)  -> (artifact id: '5439ef5514421afa4a53ad2a91472129') in 0.012278 seconds
Number of updated asset objects reloaded before import = 0
Number of asset objects unloaded after import = 11
========================================================================
Received Import Request.
  Time since last request: 0.011494 seconds.
  path: Assets/Polylised - Medieval Desert City/Models/Civilian_Buildings/standard_window_21.FBX
  artifactKey: Guid(9f5af2abbdf40ee448070c92a5d2d9c9) Importer(815301076,1909f56bfc062723c751e8b465ee728b)
Start importing Assets/Polylised - Medieval Desert City/Models/Civilian_Buildings/standard_window_21.FBX using Guid(9f5af2abbdf40ee448070c92a5d2d9c9) Importer(815301076,1909f56bfc062723c751e8b465ee728b)  -> (artifact id: 'e597ea9d48fee8b35834bcde5bbbfc92') in 0.011019 seconds
Number of updated asset objects reloaded before import = 0
Number of asset objects unloaded after import = 11
========================================================================
Received Import Request.
  Time since last request: 0.011681 seconds.
  path: Assets/Polylised - Medieval Desert City/Models/Civilian_Buildings/standard_window_23.FBX
  artifactKey: Guid(70ba6d60f85406145893e048f9c4e2bc) Importer(815301076,1909f56bfc062723c751e8b465ee728b)
Start importing Assets/Polylised - Medieval Desert City/Models/Civilian_Buildings/standard_window_23.FBX using Guid(70ba6d60f85406145893e048f9c4e2bc) Importer(815301076,1909f56bfc062723c751e8b465ee728b)  -> (artifact id: '91285aa22a3909b2acecb8ce7d5f191a') in 0.011009 seconds
Number of updated asset objects reloaded before import = 0
Number of asset objects unloaded after import = 11
========================================================================
Received Import Request.
  Time since last request: 0.259307 seconds.
  path: Assets/Polylised - Medieval Desert City/Models/Civilian_Buildings/standard_wooden_roof_2.FBX
  artifactKey: Guid(137ac1fdcea70f043ac1d8e92ad03fce) Importer(815301076,1909f56bfc062723c751e8b465ee728b)
Start importing Assets/Polylised - Medieval Desert City/Models/Civilian_Buildings/standard_wooden_roof_2.FBX using Guid(137ac1fdcea70f043ac1d8e92ad03fce) Importer(815301076,1909f56bfc062723c751e8b465ee728b)  -> (artifact id: '5f039cccaab9b51d75f6fec1aa5c231f') in 0.019519 seconds
Number of updated asset objects reloaded before import = 0
Number of asset objects unloaded after import = 9
========================================================================
Received Import Request.
  Time since last request: 0.012040 seconds.
  path: Assets/Polylised - Medieval Desert City/Models/Civilian_Buildings/stone_stairs_1.FBX
  artifactKey: Guid(bd72cb0da4523894aa69559d8ccd3a45) Importer(815301076,1909f56bfc062723c751e8b465ee728b)
Start importing Assets/Polylised - Medieval Desert City/Models/Civilian_Buildings/stone_stairs_1.FBX using Guid(bd72cb0da4523894aa69559d8ccd3a45) Importer(815301076,1909f56bfc062723c751e8b465ee728b)  -> (artifact id: '1e319975f209a62d8ee1d58614a9bcbc') in 0.009429 seconds
Number of updated asset objects reloaded before import = 0
Number of asset objects unloaded after import = 8
========================================================================
Received Import Request.
  Time since last request: 2.994994 seconds.
  path: Assets/Polylised - Medieval Desert City/Models/Trees/dead_tree_b.FBX
  artifactKey: Guid(cf0371b0eb4cdaf4fbdd9774de46c54f) Importer(815301076,1909f56bfc062723c751e8b465ee728b)
Start importing Assets/Polylised - Medieval Desert City/Models/Trees/dead_tree_b.FBX using Guid(cf0371b0eb4cdaf4fbdd9774de46c54f) Importer(815301076,1909f56bfc062723c751e8b465ee728b)  -> (artifact id: 'a0f8b5043bdad1818169f1f299a26eb5') in 0.017898 seconds
Number of updated asset objects reloaded before import = 0
Number of asset objects unloaded after import = 8
========================================================================
Received Import Request.
  Time since last request: 0.000013 seconds.
  path: Assets/Polylised - Medieval Desert City/Models/Trees/pine_c.FBX
  artifactKey: Guid(50639985b8218f04d959bf69e05b17a6) Importer(815301076,1909f56bfc062723c751e8b465ee728b)
Start importing Assets/Polylised - Medieval Desert City/Models/Trees/pine_c.FBX using Guid(50639985b8218f04d959bf69e05b17a6) Importer(815301076,1909f56bfc062723c751e8b465ee728b)  -> (artifact id: '29178e8c4ade2031081cf4ad69d22feb') in 0.036228 seconds
Number of updated asset objects reloaded before import = 0
Number of asset objects unloaded after import = 9
========================================================================
Received Import Request.
  Time since last request: 0.346941 seconds.
  path: Assets/Polylised - Medieval Desert City/Models/Unique_Buildings/building_base_b.FBX
  artifactKey: Guid(9230cbcd68250e145be36c2ffc7eedc5) Importer(815301076,1909f56bfc062723c751e8b465ee728b)
Start importing Assets/Polylised - Medieval Desert City/Models/Unique_Buildings/building_base_b.FBX using Guid(9230cbcd68250e145be36c2ffc7eedc5) Importer(815301076,1909f56bfc062723c751e8b465ee728b)  -> (artifact id: '8ac9e42ffbea1c28a6d6fccfb72d7370') in 0.014361 seconds
Number of updated asset objects reloaded before import = 0
Number of asset objects unloaded after import = 9
========================================================================
Received Import Request.
  Time since last request: 0.000013 seconds.
  path: Assets/Polylised - Medieval Desert City/Models/Unique_Buildings/church_c.FBX
  artifactKey: Guid(9906240cad1ee95419939f4697357d0d) Importer(815301076,1909f56bfc062723c751e8b465ee728b)
Start importing Assets/Polylised - Medieval Desert City/Models/Unique_Buildings/church_c.FBX using Guid(9906240cad1ee95419939f4697357d0d) Importer(815301076,1909f56bfc062723c751e8b465ee728b)  -> (artifact id: 'ae4e8c2a0e03d7e8895a430fe95a538c') in 0.015828 seconds
Number of updated asset objects reloaded before import = 0
Number of asset objects unloaded after import = 16
========================================================================
Received Import Request.
  Time since last request: 0.000017 seconds.
  path: Assets/Polylised - Medieval Desert City/Models/Unique_Buildings/castle_tower_rectangular.FBX
  artifactKey: Guid(c5d5cab5fabe2444796202d232b7c886) Importer(815301076,1909f56bfc062723c751e8b465ee728b)
Start importing Assets/Polylised - Medieval Desert City/Models/Unique_Buildings/castle_tower_rectangular.FBX using Guid(c5d5cab5fabe2444796202d232b7c886) Importer(815301076,1909f56bfc062723c751e8b465ee728b)  -> (artifact id: '117c08c068b7055250555979b941bf64') in 0.012143 seconds
Number of updated asset objects reloaded before import = 0
Number of asset objects unloaded after import = 10
========================================================================
Received Import Request.
  Time since last request: 0.494291 seconds.
  path: Assets/Polylised - Medieval Desert City/Models/Unique_Buildings/citadel_gate.FBX
  artifactKey: Guid(53f5c35ca2434cf4ba2f1bc5b0a8384f) Importer(815301076,1909f56bfc062723c751e8b465ee728b)
Start importing Assets/Polylised - Medieval Desert City/Models/Unique_Buildings/citadel_gate.FBX using Guid(53f5c35ca2434cf4ba2f1bc5b0a8384f) Importer(815301076,1909f56bfc062723c751e8b465ee728b)  -> (artifact id: 'abf95a0b23db5ec48b25d0b1061a3078') in 0.011730 seconds
Number of updated asset objects reloaded before import = 0
Number of asset objects unloaded after import = 12
========================================================================
Received Import Request.
  Time since last request: 0.011088 seconds.
  path: Assets/Polylised - Medieval Desert City/Models/Unique_Buildings/citadel_tower_a.FBX
  artifactKey: Guid(84c43d8cd151cb2459d4f84425c40bd5) Importer(815301076,1909f56bfc062723c751e8b465ee728b)
Start importing Assets/Polylised - Medieval Desert City/Models/Unique_Buildings/citadel_tower_a.FBX using Guid(84c43d8cd151cb2459d4f84425c40bd5) Importer(815301076,1909f56bfc062723c751e8b465ee728b)  -> (artifact id: 'e069036dc391419a848aa89998f6f76d') in 0.011458 seconds
Number of updated asset objects reloaded before import = 0
Number of asset objects unloaded after import = 12
========================================================================
Received Import Request.
  Time since last request: 0.316581 seconds.
  path: Assets/Polylised - Medieval Desert City/Models/Unique_Buildings/citadel_tower_d.FBX
  artifactKey: Guid(05741e75f73f6774eadbab56684e71a4) Importer(815301076,1909f56bfc062723c751e8b465ee728b)
Start importing Assets/Polylised - Medieval Desert City/Models/Unique_Buildings/citadel_tower_d.FBX using Guid(05741e75f73f6774eadbab56684e71a4) Importer(815301076,1909f56bfc062723c751e8b465ee728b)  -> (artifact id: '83bed0c383591a73cf85e4e5f67eb685') in 0.012794 seconds
Number of updated asset objects reloaded before import = 0
Number of asset objects unloaded after import = 12
========================================================================
Received Import Request.
  Time since last request: 0.018583 seconds.
  path: Assets/Polylised - Medieval Desert City/Models/Unique_Buildings/citadel_wall_b.FBX
  artifactKey: Guid(d2aafee231e260e449516838ffcdb3ed) Importer(815301076,1909f56bfc062723c751e8b465ee728b)
Start importing Assets/Polylised - Medieval Desert City/Models/Unique_Buildings/citadel_wall_b.FBX using Guid(d2aafee231e260e449516838ffcdb3ed) Importer(815301076,1909f56bfc062723c751e8b465ee728b)  -> (artifact id: '9514d98387b2a3515440c5ed2c120c06') in 0.009763 seconds
Number of updated asset objects reloaded before import = 0
Number of asset objects unloaded after import = 9
========================================================================
Received Import Request.
  Time since last request: 0.016952 seconds.
  path: Assets/Polylised - Medieval Desert City/Models/Unique_Buildings/fortification_gate.FBX
  artifactKey: Guid(0648d4361d8a07d44921f1db2e15b9e0) Importer(815301076,1909f56bfc062723c751e8b465ee728b)
Start importing Assets/Polylised - Medieval Desert City/Models/Unique_Buildings/fortification_gate.FBX using Guid(0648d4361d8a07d44921f1db2e15b9e0) Importer(815301076,1909f56bfc062723c751e8b465ee728b)  -> (artifact id: '98155701db1d7d6acea4494f7a8349d6') in 0.013382 seconds
Number of updated asset objects reloaded before import = 0
Number of asset objects unloaded after import = 13
========================================================================
Received Import Request.
  Time since last request: 0.032031 seconds.
  path: Assets/Polylised - Medieval Desert City/Models/Unique_Buildings/overhang_building_a.FBX
  artifactKey: Guid(2f906bf9b86990c46aa6003077fba317) Importer(815301076,1909f56bfc062723c751e8b465ee728b)
Start importing Assets/Polylised - Medieval Desert City/Models/Unique_Buildings/overhang_building_a.FBX using Guid(2f906bf9b86990c46aa6003077fba317) Importer(815301076,1909f56bfc062723c751e8b465ee728b)  -> (artifact id: 'abbba787a41e0ca52a958017465f99b2') in 0.011180 seconds
Number of updated asset objects reloaded before import = 0
Number of asset objects unloaded after import = 10
========================================================================
Received Import Request.
  Time since last request: 8.054826 seconds.
  path: Assets/Polylised - Medieval Desert City/Models/Unique_Buildings/port_house_base.FBX
  artifactKey: Guid(a1653b28994f24c4e8b05de7a14bd606) Importer(815301076,1909f56bfc062723c751e8b465ee728b)
Start importing Assets/Polylised - Medieval Desert City/Models/Unique_Buildings/port_house_base.FBX using Guid(a1653b28994f24c4e8b05de7a14bd606) Importer(815301076,1909f56bfc062723c751e8b465ee728b)  -> (artifact id: 'a6cdca03e332b4592767b880309daa8e') in 0.010503 seconds
Number of updated asset objects reloaded before import = 0
Number of asset objects unloaded after import = 9
========================================================================
Received Import Request.
  Time since last request: 0.011646 seconds.
  path: Assets/Polylised - Medieval Desert City/Models/Unique_Buildings/port_wall_corner_a.FBX
  artifactKey: Guid(29cf28c554257b94fa3ac6970bc59885) Importer(815301076,1909f56bfc062723c751e8b465ee728b)
Start importing Assets/Polylised - Medieval Desert City/Models/Unique_Buildings/port_wall_corner_a.FBX using Guid(29cf28c554257b94fa3ac6970bc59885) Importer(815301076,1909f56bfc062723c751e8b465ee728b)  -> (artifact id: '9de093fcbb960fcf4e4f6676585c10e9') in 0.009991 seconds
Number of updated asset objects reloaded before import = 0
Number of asset objects unloaded after import = 9
========================================================================
Received Import Request.
  Time since last request: 0.018287 seconds.
  path: Assets/Polylised - Medieval Desert City/Models/Unique_Buildings/sentinel_tower_b.FBX
  artifactKey: Guid(42dae9c689b614041936ba5f1a9b52e4) Importer(815301076,1909f56bfc062723c751e8b465ee728b)
Start importing Assets/Polylised - Medieval Desert City/Models/Unique_Buildings/sentinel_tower_b.FBX using Guid(42dae9c689b614041936ba5f1a9b52e4) Importer(815301076,1909f56bfc062723c751e8b465ee728b)  -> (artifact id: '988db7c3d9f4279ee187af8f21f8ea7d') in 0.011948 seconds
Number of updated asset objects reloaded before import = 0
Number of asset objects unloaded after import = 12
========================================================================
Received Import Request.
  Time since last request: 0.258869 seconds.
  path: Assets/Polylised - Medieval Desert City/Models/Unique_Buildings/tower_gates.FBX
  artifactKey: Guid(d85cf45eac873a14aa61499660d1d75f) Importer(815301076,1909f56bfc062723c751e8b465ee728b)
Start importing Assets/Polylised - Medieval Desert City/Models/Unique_Buildings/tower_gates.FBX using Guid(d85cf45eac873a14aa61499660d1d75f) Importer(815301076,1909f56bfc062723c751e8b465ee728b)  -> (artifact id: 'c442acf360e5ced1dcb1f9b8858d220f') in 0.013204 seconds
Number of updated asset objects reloaded before import = 0
Number of asset objects unloaded after import = 13
========================================================================
Received Import Request.
  Time since last request: 0.010499 seconds.
  path: Assets/Polylised - Medieval Desert City/Models/Unique_Buildings/wall_H10m_L15m.FBX
  artifactKey: Guid(3c4128e82def34347a6623ea90212fcc) Importer(815301076,1909f56bfc062723c751e8b465ee728b)
Start importing Assets/Polylised - Medieval Desert City/Models/Unique_Buildings/wall_H10m_L15m.FBX using Guid(3c4128e82def34347a6623ea90212fcc) Importer(815301076,1909f56bfc062723c751e8b465ee728b)  -> (artifact id: '43c53158df33ef22f465074e3a317a44') in 0.010052 seconds
Number of updated asset objects reloaded before import = 0
Number of asset objects unloaded after import = 9
========================================================================
Received Import Request.
  Time since last request: 0.011914 seconds.
  path: Assets/Polylised - Medieval Desert City/Models/Unique_Buildings/wall_H10m_short_2.FBX
  artifactKey: Guid(7e9d003b13aea1f4db35542ca630f310) Importer(815301076,1909f56bfc062723c751e8b465ee728b)
Start importing Assets/Polylised - Medieval Desert City/Models/Unique_Buildings/wall_H10m_short_2.FBX using Guid(7e9d003b13aea1f4db35542ca630f310) Importer(815301076,1909f56bfc062723c751e8b465ee728b)  -> (artifact id: '70fb879156ab55ad3bb71aa6b64df99a') in 0.009937 seconds
Number of updated asset objects reloaded before import = 0
Number of asset objects unloaded after import = 9
========================================================================
Received Import Request.
  Time since last request: 5.412378 seconds.
  path: Assets/Polylised - Medieval Desert City/Models/Terrain/cliff_02.FBX
  artifactKey: Guid(9c08cd06ebe043149808bf61825a0f6b) Importer(815301076,1909f56bfc062723c751e8b465ee728b)
Start importing Assets/Polylised - Medieval Desert City/Models/Terrain/cliff_02.FBX using Guid(9c08cd06ebe043149808bf61825a0f6b) Importer(815301076,1909f56bfc062723c751e8b465ee728b)  -> (artifact id: '00f175125f6a5377eecfb69739b7545e') in 0.019891 seconds
Number of updated asset objects reloaded before import = 0
Number of asset objects unloaded after import = 8
========================================================================
Received Import Request.
  Time since last request: 0.000012 seconds.
  path: Assets/Polylised - Medieval Desert City/Models/Terrain/sky.png
  artifactKey: Guid(fc28bf2a7d2944a47814ec9d04a05efd) Importer(815301076,1909f56bfc062723c751e8b465ee728b)
Start importing Assets/Polylised - Medieval Desert City/Models/Terrain/sky.png using Guid(fc28bf2a7d2944a47814ec9d04a05efd) Importer(815301076,1909f56bfc062723c751e8b465ee728b)  -> (artifact id: 'd1036cba0100a5c1f7d5d0eace6a079e') in 0.035934 seconds
Number of updated asset objects reloaded before import = 0
Number of asset objects unloaded after import = 2
========================================================================
Received Import Request.
  Time since last request: 0.000014 seconds.
  path: Assets/Polylised - Medieval Desert City/Models/Terrain/terrain_04.FBX
  artifactKey: Guid(c30dafe88949b9e458ba50855b4f1aef) Importer(815301076,1909f56bfc062723c751e8b465ee728b)
Start importing Assets/Polylised - Medieval Desert City/Models/Terrain/terrain_04.FBX using Guid(c30dafe88949b9e458ba50855b4f1aef) Importer(815301076,1909f56bfc062723c751e8b465ee728b)  -> (artifact id: 'b5a6bc8313ada71b2d1397848b57a5ff') in 0.025470 seconds
Number of updated asset objects reloaded before import = 0
Number of asset objects unloaded after import = 8
========================================================================
Received Import Request.
  Time since last request: 4.527805 seconds.
  path: Assets/Polylised - Medieval Desert City/Models/Civilian_Buildings/Materials/Cloth_1.mat
  artifactKey: Guid(2ccda7ea0deffd74fa5caf33fcde2318) Importer(815301076,1909f56bfc062723c751e8b465ee728b)
Start importing Assets/Polylised - Medieval Desert City/Models/Civilian_Buildings/Materials/Cloth_1.mat using Guid(2ccda7ea0deffd74fa5caf33fcde2318) Importer(815301076,1909f56bfc062723c751e8b465ee728b)  -> (artifact id: '4aeafee42b0fb4a823ea33093de609b4') in 0.021338 seconds
Number of updated asset objects reloaded before import = 0
Number of asset objects unloaded after import = 1
========================================================================
Received Import Request.
  Time since last request: 0.000015 seconds.
  path: Assets/Polylised - Medieval Desert City/Models/Civilian_Buildings/Materials/Light.mat
  artifactKey: Guid(cee5cdb0471bc6f428e3d6d723de9f39) Importer(815301076,1909f56bfc062723c751e8b465ee728b)
Start importing Assets/Polylised - Medieval Desert City/Models/Civilian_Buildings/Materials/Light.mat using Guid(cee5cdb0471bc6f428e3d6d723de9f39) Importer(815301076,1909f56bfc062723c751e8b465ee728b)  -> (artifact id: 'dd0a9b941092b108db03654efa0b22d5') in 0.146204 seconds
Number of updated asset objects reloaded before import = 0
Number of asset objects unloaded after import = 1
========================================================================
Received Import Request.
  Time since last request: 103.635004 seconds.
  path: Assets/Polylised - Medieval Desert City/Models/Props/tent_b.FBX
  artifactKey: Guid(f54bdb463f46eee4bb8cb513069cd0f5) Importer(815301076,1909f56bfc062723c751e8b465ee728b)
Start importing Assets/Polylised - Medieval Desert City/Models/Props/tent_b.FBX using Guid(f54bdb463f46eee4bb8cb513069cd0f5) Importer(815301076,1909f56bfc062723c751e8b465ee728b)  -> (artifact id: '80e130b69d7ec0fd135b880680e68edd') in 0.014152 seconds
Number of updated asset objects reloaded before import = 0
Number of asset objects unloaded after import = 10
========================================================================
Received Import Request.
  Time since last request: 0.017306 seconds.
  path: Assets/Polylised - Medieval Desert City/Models/Props/wagon.FBX
  artifactKey: Guid(14fd752655d1d074ba42478218b58227) Importer(815301076,1909f56bfc062723c751e8b465ee728b)
Start importing Assets/Polylised - Medieval Desert City/Models/Props/wagon.FBX using Guid(14fd752655d1d074ba42478218b58227) Importer(815301076,1909f56bfc062723c751e8b465ee728b)  -> (artifact id: '38328b48bb8744670b3b2d48f12bcd4b') in 0.022475 seconds
Number of updated asset objects reloaded before import = 0
Number of asset objects unloaded after import = 10
========================================================================
Received Import Request.
  Time since last request: 370.767237 seconds.
  path: Assets/Polylised - Medieval Desert City/Prefabs/prefab_unique_buildings/castle_wall_2,5m.prefab
  artifactKey: Guid(430f6f101fc52be4d9169a97e35a8355) Importer(815301076,1909f56bfc062723c751e8b465ee728b)
Start importing Assets/Polylised - Medieval Desert City/Prefabs/prefab_unique_buildings/castle_wall_2,5m.prefab using Guid(430f6f101fc52be4d9169a97e35a8355) Importer(815301076,1909f56bfc062723c751e8b465ee728b)  -> (artifact id: 'b84dc34e9ed0d544932b12e197ee6e81') in 0.009014 seconds
Number of updated asset objects reloaded before import = 0
Number of asset objects unloaded after import = 9
========================================================================
Received Import Request.
  Time since last request: 0.005725 seconds.
  path: Assets/Polylised - Medieval Desert City/Prefabs/prefab_unique_buildings/castle_wall_5m_h21m.prefab
  artifactKey: Guid(f0cdf773223c8bd49ad0cb82eb59e3ac) Importer(815301076,1909f56bfc062723c751e8b465ee728b)
Start importing Assets/Polylised - Medieval Desert City/Prefabs/prefab_unique_buildings/castle_wall_5m_h21m.prefab using Guid(f0cdf773223c8bd49ad0cb82eb59e3ac) Importer(815301076,1909f56bfc062723c751e8b465ee728b)  -> (artifact id: '963cb6e30a086b5511c5870081e60be3') in 0.007936 seconds
Number of updated asset objects reloaded before import = 0
Number of asset objects unloaded after import = 9
========================================================================
Received Import Request.
  Time since last request: 0.002628 seconds.
  path: Assets/Polylised - Medieval Desert City/Prefabs/prefab_unique_buildings/castle_wall_incline_lower.prefab
  artifactKey: Guid(f4a0e82704596ec4cb1fb2b1fb1e6285) Importer(815301076,1909f56bfc062723c751e8b465ee728b)
Start importing Assets/Polylised - Medieval Desert City/Prefabs/prefab_unique_buildings/castle_wall_incline_lower.prefab using Guid(f4a0e82704596ec4cb1fb2b1fb1e6285) Importer(815301076,1909f56bfc062723c751e8b465ee728b)  -> (artifact id: '5e75518f189ced020ef96949367a6c21') in 0.011866 seconds
Number of updated asset objects reloaded before import = 0
Number of asset objects unloaded after import = 9
========================================================================
Received Import Request.
  Time since last request: 0.000019 seconds.
  path: Assets/Polylised - Medieval Desert City/Prefabs/prefab_unique_buildings/citadel_wall_incline.prefab
  artifactKey: Guid(34c9ec8815e932a449b60e21e90b2f25) Importer(815301076,1909f56bfc062723c751e8b465ee728b)
Start importing Assets/Polylised - Medieval Desert City/Prefabs/prefab_unique_buildings/citadel_wall_incline.prefab using Guid(34c9ec8815e932a449b60e21e90b2f25) Importer(815301076,1909f56bfc062723c751e8b465ee728b)  -> (artifact id: '3aad6a8822d77fc6e00e5846e5fef424') in 0.008651 seconds
Number of updated asset objects reloaded before import = 0
Number of asset objects unloaded after import = 9
========================================================================
Received Import Request.
  Time since last request: 0.000014 seconds.
  path: Assets/Polylised - Medieval Desert City/Prefabs/prefab_unique_buildings/port_wall_b_corner.prefab
  artifactKey: Guid(4dd10cce757d82345b46b93c96d330d9) Importer(815301076,1909f56bfc062723c751e8b465ee728b)
Start importing Assets/Polylised - Medieval Desert City/Prefabs/prefab_unique_buildings/port_wall_b_corner.prefab using Guid(4dd10cce757d82345b46b93c96d330d9) Importer(815301076,1909f56bfc062723c751e8b465ee728b)  -> (artifact id: '1eaea8b1536d94f70afa3b33eed20676') in 0.009143 seconds
Number of updated asset objects reloaded before import = 0
Number of asset objects unloaded after import = 10
========================================================================
Received Import Request.
  Time since last request: 0.000600 seconds.
  path: Assets/Polylised - Medieval Desert City/Models/Unique_Buildings/Materials/Wall_0.mat
  artifactKey: Guid(7babb15a0d27e4348a084bff40ad4706) Importer(815301076,1909f56bfc062723c751e8b465ee728b)
Start importing Assets/Polylised - Medieval Desert City/Models/Unique_Buildings/Materials/Wall_0.mat using Guid(7babb15a0d27e4348a084bff40ad4706) Importer(815301076,1909f56bfc062723c751e8b465ee728b)  -> (artifact id: '7b95759a99de16891f062c6cb97b62a5') in 0.007687 seconds
Number of updated asset objects reloaded before import = 0
Number of asset objects unloaded after import = 1
========================================================================
Received Import Request.
  Time since last request: 0.000017 seconds.
  path: Assets/Polylised - Medieval Desert City/Prefabs/prefab_unique_buildings/wall_H10m_L50m.prefab
  artifactKey: Guid(f2bcea84332d3b5418c7fb64b9fc7d89) Importer(815301076,1909f56bfc062723c751e8b465ee728b)
Start importing Assets/Polylised - Medieval Desert City/Prefabs/prefab_unique_buildings/wall_H10m_L50m.prefab using Guid(f2bcea84332d3b5418c7fb64b9fc7d89) Importer(815301076,1909f56bfc062723c751e8b465ee728b)  -> (artifact id: '56283fd5dff26166c796f742e075cd2c') in 0.025305 seconds
Number of updated asset objects reloaded before import = 0
Number of asset objects unloaded after import = 9
========================================================================
Received Import Request.
  Time since last request: 0.000018 seconds.
  path: Assets/Polylised - Medieval Desert City/Prefabs/prefab_unique_buildings/wall_H10m_short.prefab
  artifactKey: Guid(534b3ae6b15dbfc4d843a1e7efadd0cb) Importer(815301076,1909f56bfc062723c751e8b465ee728b)
Start importing Assets/Polylised - Medieval Desert City/Prefabs/prefab_unique_buildings/wall_H10m_short.prefab using Guid(534b3ae6b15dbfc4d843a1e7efadd0cb) Importer(815301076,1909f56bfc062723c751e8b465ee728b)  -> (artifact id: '561282fa2d1e094c2c7e53519839908a') in 0.017291 seconds
Number of updated asset objects reloaded before import = 0
Number of asset objects unloaded after import = 9
========================================================================
Received Import Request.
  Time since last request: 0.000015 seconds.
  path: Assets/Polylised - Medieval Desert City/Models/Unique_Buildings/Materials/Water_0.mat
  artifactKey: Guid(f786eb509e963bc4792fc8fa845908d4) Importer(815301076,1909f56bfc062723c751e8b465ee728b)
Start importing Assets/Polylised - Medieval Desert City/Models/Unique_Buildings/Materials/Water_0.mat using Guid(f786eb509e963bc4792fc8fa845908d4) Importer(815301076,1909f56bfc062723c751e8b465ee728b)  -> (artifact id: '9062da273bc303c32a1c538471f23ced') in 0.113232 seconds
Number of updated asset objects reloaded before import = 0
Number of asset objects unloaded after import = 1
========================================================================
Received Import Request.
  Time since last request: 0.000013 seconds.
  path: Assets/Polylised - Medieval Desert City/Prefabs/prefab_unique_buildings/wall_H10m_corner.prefab
  artifactKey: Guid(eb822e064be86dd4abede096f1db99bb) Importer(815301076,1909f56bfc062723c751e8b465ee728b)
Start importing Assets/Polylised - Medieval Desert City/Prefabs/prefab_unique_buildings/wall_H10m_corner.prefab using Guid(eb822e064be86dd4abede096f1db99bb) Importer(815301076,1909f56bfc062723c751e8b465ee728b)  -> (artifact id: '5a471dba7b2cbfbf1170bbf6414a594f') in 0.016422 seconds
Number of updated asset objects reloaded before import = 0
Number of asset objects unloaded after import = 9
========================================================================
Received Import Request.
  Time since last request: 0.000021 seconds.
  path: Assets/Polylised - Medieval Desert City/Models/Unique_Buildings/Materials/Wall_1.mat
  artifactKey: Guid(de430443e6642a54a8a7706118bac4de) Importer(815301076,1909f56bfc062723c751e8b465ee728b)
Start importing Assets/Polylised - Medieval Desert City/Models/Unique_Buildings/Materials/Wall_1.mat using Guid(de430443e6642a54a8a7706118bac4de) Importer(815301076,1909f56bfc062723c751e8b465ee728b)  -> (artifact id: '70dc88d9dcd930c68e9d57257ef8ae2f') in 0.016474 seconds
Number of updated asset objects reloaded before import = 0
Number of asset objects unloaded after import = 1
========================================================================
Received Import Request.
  Time since last request: 0.000011 seconds.
  path: Assets/Polylised - Medieval Desert City/Prefabs/prefab_unique_buildings/castle_wall_10m.prefab
  artifactKey: Guid(cc7ebc849fa32c34f8182aecf45c5bd6) Importer(815301076,1909f56bfc062723c751e8b465ee728b)
Start importing Assets/Polylised - Medieval Desert City/Prefabs/prefab_unique_buildings/castle_wall_10m.prefab using Guid(cc7ebc849fa32c34f8182aecf45c5bd6) Importer(815301076,1909f56bfc062723c751e8b465ee728b)  -> (artifact id: 'dead1e27c4c8fea7120a01ee850f9502') in 0.014592 seconds
Number of updated asset objects reloaded before import = 0
Number of asset objects unloaded after import = 9
========================================================================
Received Import Request.
  Time since last request: 0.000010 seconds.
  path: Assets/Polylised - Medieval Desert City/Prefabs/prefab_unique_buildings/port_wall_corner_a.prefab
  artifactKey: Guid(b69752a82e7ff7e4e9cb774059c3cc75) Importer(815301076,1909f56bfc062723c751e8b465ee728b)
Start importing Assets/Polylised - Medieval Desert City/Prefabs/prefab_unique_buildings/port_wall_corner_a.prefab using Guid(b69752a82e7ff7e4e9cb774059c3cc75) Importer(815301076,1909f56bfc062723c751e8b465ee728b)  -> (artifact id: 'd93d6c6c15f9df54c2410e2ea3bf3084') in 0.014920 seconds
Number of updated asset objects reloaded before import = 0
Number of asset objects unloaded after import = 9
Editor requested this worker to shutdown with reason: Scaling down because of idle timeout
TcpMessagingSession - receive error: operation aborted. errorcode: 995, details: The I/O operation has been aborted because of either a thread exit or an application request.
AssetImportWorker is now disconnected from the server
Process exiting
Exiting without the bug reporter. Application will terminate with return code 0